<?xml version="1.0" encoding="UTF-8" ?>
<testsuite errors="0" failures="0" hostname="PC301153" name="com.junit.single_Test" skipped="0" tests="2" time="0.386" timestamp="2018-03-30T04:56:54">
  <properties>
[...]
</properties>
  <testcase classname="com.junit.single_Test" name="test_junit2" time="0.322" />
  <testcase classname="com.junit.single_Test" name="test_junit" time="0.0" />
  <system-out><![CDATA[10:26:54,260 |-INFO in ch.qos.logback.classic.LoggerContext[default] - Could NOT find resource [logback.groovy]
10:26:54,260 |-INFO in ch.qos.logback.classic.LoggerContext[default] - Could NOT find resource [logback-test.xml]
10:26:54,260 |-INFO in ch.qos.logback.classic.LoggerContext[default] - Found resource [logback.xml] at [jar:file:/D:/Cobertura/cobertura-2.1.1/cobertura-2.1.1-sources.jar!/logback.xml]
10:26:54,261 |-WARN in ch.qos.logback.classic.LoggerContext[default] - Resource [logback.xml] occurs multiple times on the classpath.
10:26:54,261 |-WARN in ch.qos.logback.classic.LoggerContext[default] - Resource [logback.xml] occurs at [jar:file:/D:/Cobertura/cobertura-2.1.1/cobertura-2.1.1-sources.jar!/logback.xml]
10:26:54,261 |-WARN in ch.qos.logback.classic.LoggerContext[default] - Resource [logback.xml] occurs at [jar:file:/D:/Cobertura/cobertura-2.1.1/cobertura-2.1.1.jar!/logback.xml]
10:26:54,278 |-INFO in ch.qos.logback.core.joran.spi.ConfigurationWatchList@7ca48474 - URL [jar:file:/D:/Cobertura/cobertura-2.1.1/cobertura-2.1.1-sources.jar!/logback.xml] is not of type file
10:26:54,326 |-INFO in ch.qos.logback.classic.joran.action.ConfigurationAction - debug attribute not set
10:26:54,328 |-INFO in ch.qos.logback.core.joran.action.AppenderAction - About to instantiate appender of type [ch.qos.logback.core.ConsoleAppender]
10:26:54,335 |-INFO in ch.qos.logback.core.joran.action.AppenderAction - Naming appender as [STDOUT]
10:26:54,351 |-INFO in ch.qos.logback.core.joran.action.NestedComplexPropertyIA - Assuming default type [ch.qos.logback.classic.encoder.PatternLayoutEncoder] for [encoder] property
10:26:54,387 |-INFO in ch.qos.logback.classic.joran.action.LoggerAction - Setting level of logger [net.sourceforge.cobertura] to INFO
10:26:54,387 |-INFO in ch.qos.logback.classic.joran.action.RootLoggerAction - Setting level of ROOT logger to DEBUG
10:26:54,387 |-INFO in ch.qos.logback.core.joran.action.AppenderRefAction - Attaching appender named [STDOUT] to Logger[ROOT]
10:26:54,388 |-INFO in ch.qos.logback.classic.joran.action.ConfigurationAction - End of configuration.
10:26:54,389 |-INFO in ch.qos.logback.classic.joran.JoranConfigurator@337d0578 - Registering current configuration as safe fallback point

]]></system-out>
  <system-err><![CDATA[]]></system-err>
</testsuite>
