<?xml version="1.0" encoding="UTF-8" ?>
<testsuites>
  <testsuite errors="0" failures="0" hostname="PC301153" id="0" name="SingleTest" package="com.junitpro" skipped="0" tests="3" time="0.359" timestamp="2018-01-31T04:42:09">
      <properties>
[...]
</properties>

      <testcase classname="com.junitpro.SingleTest" name="test_junit2" time="0.172" />

      <testcase classname="com.junitpro.SingleTest" name="test_junit3" time="0.0" />

      <testcase classname="com.junitpro.SingleTest" name="test_junit" time="0.0" />

      <system-out><![CDATA[]]></system-out>

      <system-err><![CDATA[]]></system-err>

  </testsuite>
</testsuites>
